Tue Nov 11 18:55:38 2014 INFO #starchasers <marcin212mc>: jaką?
Tue Nov 11 18:56:03 2014 INFO #starchasers <Kubuxu>: ??
Tue Nov 11 18:56:16 2014 INFO #starchasers <marcin212mc>: kabel na dole
Tue Nov 11 18:56:23 2014 INFO #starchasers <marcin212mc>: teraz rury z bc sa na RF
Tue Nov 11 18:56:30 2014 INFO #starchasers <marcin212mc>: mozna nawet celka z TE zasilac
Tue Nov 11 18:56:45 2014 INFO #starchasers <marcin212mc>: tak
Tue Nov 11 18:57:04 2014 INFO #starchasers <marcin212mc>: a emeraldowa chyba sama bez silnika wyciagala ale nie pamietam
Tue Nov 11 18:57:13 2014 INFO #starchasers <marcin212mc>: lol dziwne
Tue Nov 11 18:59:05 2014 INFO #starchasers <marcin212mc>: apsik patrzaj
Tue Nov 11 19:03:20 2014 INFO #starchasers <asie>: ACTION zastanawia sie czy ThatBot loguje /me
Tue Nov 11 19:04:01 2014 INFO #starchasers <marcin212>: :calc sin(x)^x=0
Tue Nov 11 19:04:08 2014 INFO #starchasers <marcin212>: :calc sin(x)^x=x
Tue Nov 11 19:04:21 2014 INFO #starchasers <marcin212>: :calc sin(x)^cos(x)=x
Tue Nov 11 19:04:31 2014 INFO #starchasers <marcin212>: x=x
Tue Nov 11 19:04:33 2014 INFO #starchasers <asie>: :calc sin(x)^cos(x)=x
Tue Nov 11 19:04:34 2014 INFO #starchasers <marcin212>: :calc x=x
Tue Nov 11 19:04:38 2014 INFO #starchasers <marcin212>: :calc x=x
Tue Nov 11 19:04:40 2014 INFO #starchasers <marcin212>: :calc x=x
Tue Nov 11 19:04:41 2014 INFO #starchasers <marcin212>: :calc x=x
Tue Nov 11 19:04:47 2014 INFO #starchasers <asie>: :calc x=0-x
Tue Nov 11 19:05:01 2014 INFO #starchasers <asie>: :calc -x=23
Tue Nov 11 19:05:05 2014 INFO #starchasers <Magik6k>: :calc 3=4
Tue Nov 11 19:05:08 2014 INFO #starchasers <Magik6k>: :calc 3=3
Tue Nov 11 19:05:20 2014 INFO #starchasers <marcin212>: :calc x^(x*x^x)=1
Tue Nov 11 19:05:31 2014 INFO #starchasers <asie>: :calc 2*2=5
Tue Nov 11 19:05:44 2014 INFO #starchasers <asie>: :calc x=42
Tue Nov 11 19:06:49 2014 INFO #starchasers <asie>: :calc 42
Tue Nov 11 19:06:51 2014 INFO #starchasers <asie>: :calc "42"
Tue Nov 11 19:06:54 2014 INFO #starchasers <asie>: :calc "43"
Tue Nov 11 19:06:56 2014 INFO #starchasers <asie>: :calc "test"
Tue Nov 11 19:07:17 2014 INFO #starchasers <asie>: :calc "czy wiesz ze Kubuxu nie sprawdza poprawnie wejścia?"
Tue Nov 11 19:07:24 2014 INFO #starchasers <asie>: tak, wiem
Tue Nov 11 19:07:27 2014 INFO #starchasers <asie>: ^______^
Tue Nov 11 19:08:58 2014 INFO #starchasers <asie>: cos teraz do mnie
Tue Nov 11 19:09:03 2014 INFO #starchasers <asie>: kubuxu przecinek cos tam
Tue Nov 11 19:09:13 2014 INFO #starchasers <Magik6k>: Kubuxu, sadfdsfb
Tue Nov 11 19:09:19 2014 INFO #starchasers <marcin212>: Kubuxu, 
Tue Nov 11 19:09:27 2014 INFO #starchasers <marcin212>: Kubuxu, jbno
Tue Nov 11 19:09:33 2014 INFO #starchasers <asie>: Kubuxu, duwtr98y98w98yw9y98yrew98yreftr7dsaf
Tue Nov 11 19:20:11 2014 INFO #starchasers <Kubuxu>: 104.128.180.200
Tue Nov 11 19:20:46 2014 INFO #starchasers <Kubuxu>: 2602:ffe8:102:1f:1:1:1cbb:86e9
Tue Nov 11 19:21:40 2014 INFO #starchasers <Magik6k>: http://www.ovh.pl/domeny/dotovh.xml
Tue Nov 11 19:23:45 2014 INFO #starchasers <Magik6k>: http://www.ovh.pl/domeny/dotovh.xml
Tue Nov 11 19:24:02 2014 INFO #starchasers <Magik6k>: Kubuxu, http://www.ovh.pl/domeny/dotovh.xml
Tue Nov 11 20:01:15 2014 INFO #starchasers <Magik6k>: :calc 115-74
Tue Nov 11 20:25:07 2014 INFO #starchasers <Kubuxu>: :calc (64)(64)
Tue Nov 11 20:25:24 2014 INFO #starchasers <Kubuxu>: :calc (x+1)(x-1)=0
Tue Nov 11 21:46:29 2014 INFO #starchasers <LudziE12_IOS>: :calc 4x=2
Tue Nov 11 22:47:09 2014 INFO #starchasers <Magik6k>: https://github.com/MightyPirates/OpenComputers/issues/663
Wed Nov 12 06:32:47 2014 INFO #starchasers <Kubuxu>: \o
Wed Nov 12 07:06:08 2014 INFO #starchasers <LudziE12_IOS>: o/
Wed Nov 12 07:11:21 2014 INFO #starchasers <LudziE12_IOS>: Dosyć mało transferu zużywa irc
Wed Nov 12 07:14:38 2014 INFO #starchasers <Kubuxu>: Ile??
Wed Nov 12 08:23:27 2014 INFO #starchasers <LudziE12_IOS>: Najwięcej idzie na samo połączenie się. Potem malutko.
Wed Nov 12 08:23:53 2014 INFO #starchasers <Kubuxu>: Ale ile? kb
Wed Nov 12 08:24:30 2014 INFO #starchasers <LudziE12_IOS>: :calc 2*x=2
Wed Nov 12 08:25:36 2014 INFO #starchasers <LudziE12_IOS>: :calc (x+2)(x-2)=8
Wed Nov 12 08:26:15 2014 INFO #starchasers <LudziE12_IOS>: :calc sqrt(8,3)
Wed Nov 12 08:26:59 2014 INFO #starchasers <LudziE12_IOS>: :calc rt(8,3)
Wed Nov 12 08:27:47 2014 INFO #starchasers <LudziE12_IOS>: Kubuxu: czemu pierwiastek stopnia 3 z 8 to 2.8?
Wed Nov 12 08:33:14 2014 INFO #starchasers <Kubuxu>: :calc  x^3=8
Wed Nov 12 08:33:47 2014 INFO #starchasers <Kubuxu>: :calc sqrt(8)
Wed Nov 12 08:34:16 2014 INFO #starchasers <Kubuxu>: bo sqrt nie bierze 2-iego argumentu
Wed Nov 12 08:34:57 2014 INFO #starchasers <Kubuxu>: LudziE12_IOS
Wed Nov 12 09:15:25 2014 INFO #starchasers <LudziE12_IOS>: Ale wcześniej brał
Wed Nov 12 09:46:24 2014 INFO #starchasers <Spajkowiecki>: :calc 10^-12+1*10^(10^10+1)
Wed Nov 12 10:09:14 2014 INFO #starchasers <Kubuxu>: LudziE12_IOS, impossibrum
Wed Nov 12 10:15:13 2014 INFO #starchasers <Magik6k>: o/
Wed Nov 12 10:16:07 2014 INFO #starchasers <Kubuxu>: \o
Wed Nov 12 10:16:31 2014 INFO #starchasers <LudziE12_IOS>: o/
Wed Nov 12 10:17:51 2014 INFO #starchasers <LudziE12_IOS>: Jednak voice był do czasu wylogowania
Wed Nov 12 10:17:52 2014 INFO #starchasers <Kubuxu>: Magik6k, zaloguj się i włącz flagę enforce na swiom konice
Wed Nov 12 10:18:11 2014 INFO #starchasers <Magik6k>: w szkole jestem
Wed Nov 12 10:18:16 2014 INFO #starchasers <Kubuxu>: ale i tak
Wed Nov 12 10:18:32 2014 INFO #starchasers <Magik6k>: I jakoś woole tu unikać wpisywania jakichkolwiek haseł :p
Wed Nov 12 10:18:50 2014 INFO #starchasers <LudziE12_IOS>: Kubuxu: może dlatego tymczasowy bo nie jestem zalogowany?
Wed Nov 12 10:18:57 2014 INFO #starchasers <Kubuxu>: Mhm postaw sobie irssi w trybie proxy na vps'ie
Wed Nov 12 10:19:06 2014 INFO #starchasers <Kubuxu>: LudziE12_IOS, napewno.
Wed Nov 12 10:19:13 2014 INFO #starchasers <Kubuxu>: !flags
Wed Nov 12 10:19:26 2014 INFO #starchasers <Kubuxu>: !flags LudziE12_IOS VOP
Wed Nov 12 10:19:47 2014 INFO #starchasers <Kubuxu>: Nie pozwala mi dać tobie permamentego voica
Wed Nov 12 10:19:57 2014 INFO #starchasers <Kubuxu>: !flags template
Wed Nov 12 10:20:00 2014 INFO #starchasers <Kubuxu>: !flags templates
Wed Nov 12 10:20:08 2014 INFO #starchasers <Kubuxu>: !templaes
Wed Nov 12 10:20:12 2014 INFO #starchasers <Kubuxu>: !templates
Wed Nov 12 10:20:19 2014 INFO #starchasers <Kubuxu>: !template
Wed Nov 12 10:20:29 2014 INFO #starchasers <Kubuxu>: !help template
Wed Nov 12 10:20:50 2014 INFO #starchasers <LudziE12_IOS>: Potem zarejestruje się
Wed Nov 12 10:22:00 2014 INFO #starchasers <LudziE12_IOS>: Będę potem
Wed Nov 12 10:22:46 2014 INFO #starchasers <marcin212>: cześc
Wed Nov 12 10:22:47 2014 INFO #starchasers <Kubuxu>: \o
Wed Nov 12 10:23:42 2014 INFO #starchasers <marcin212>: jej działa mi już łączenie i raportowanie błędów
Wed Nov 12 10:23:54 2014 INFO #starchasers <marcin212>: zostało tylko dokończy config i auto join
Wed Nov 12 10:24:13 2014 INFO #starchasers <marcin212>: a no i informacje o utraceniu połączenie i o nie wysłaniu wiadomości
Wed Nov 12 10:24:47 2014 INFO #starchasers <marcin212>: Magik6k, naprawili OC
Wed Nov 12 10:25:02 2014 INFO #starchasers <Magik6k>: Marcin zaktualizuj OC bo coś robili z sgt i z energią
Wed Nov 12 10:25:08 2014 INFO #starchasers <Magik6k>: ..
Wed Nov 12 10:25:22 2014 INFO #starchasers <marcin212>: naprawili :)
Wed Nov 12 10:25:39 2014 INFO #starchasers <Magik6k>: a da sie wrota otwierac?
Wed Nov 12 10:25:39 2014 INFO #starchasers <marcin212>: zapomiał zainicjalizować integraci z sgt2
Wed Nov 12 10:25:44 2014 INFO #starchasers <marcin212>: zaraz zobacze
Wed Nov 12 10:25:54 2014 INFO #starchasers <marcin212>: jedna linijka
Wed Nov 12 10:26:21 2014 INFO #starchasers <Magik6k>: http://cc.nativehttp.org/web.html?ppa=magik6k  << tu masz sgcontrol z cc jak coś
Wed Nov 12 10:26:28 2014 INFO #starchasers <marcin212>: tryInit(integration.stargatetech2.ModStargateTech2)
Wed Nov 12 10:26:55 2014 INFO #starchasers <Magik6k>: lel
Wed Nov 12 10:27:05 2014 INFO #starchasers <Kubuxu>: ??
Wed Nov 12 10:27:32 2014 INFO #starchasers <marcin212>: Kubuxu, co??
Wed Nov 12 10:31:48 2014 INFO #starchasers <Kubuxu>: marcin212, co robisz??
Wed Nov 12 10:31:51 2014 INFO #starchasers <Kubuxu>: a moda..
Wed Nov 12 10:32:04 2014 INFO #starchasers <marcin212>: yep na irca
Wed Nov 12 10:32:17 2014 INFO #starchasers <marcin212>: właściwie to to co wczoraj zrobilem
Wed Nov 12 10:32:30 2014 INFO #starchasers <Kubuxu>: OoO. fajnie
Wed Nov 12 10:32:44 2014 INFO #starchasers <marcin212>: będziesz dzisiaj?
Wed Nov 12 10:32:55 2014 INFO #starchasers <Kubuxu>: raczej nie
Wed Nov 12 10:33:00 2014 INFO #starchasers <Kubuxu>: :unsafestop
